<?xml version="1.0" encoding="UTF-8"?>
<testng-results ignored="0" total="1" passed="1" failed="0" skipped="0">
  <reporter-output>
  </reporter-output>
  <suite started-at="2023-10-16T22:39:48 IST" name="Default suite" finished-at="2023-10-16T22:40:04 IST" duration-ms="16156">
    <groups>
    </groups>
    <test started-at="2023-10-16T22:39:48 IST" name="Default test" finished-at="2023-10-16T22:40:04 IST" duration-ms="16156">
      <class name="a_LoginFunctionality.ValidInputs">
        <test-method is-config="true" signature="setup()[pri:0, instance:a_LoginFunctionality.ValidInputs@1d296da]" started-at="2023-10-16T22:39:48 IST" name="setup" finished-at="2023-10-16T22:39:58 IST" duration-ms="10679" status="PASS">
          <reporter-output>
          </reporter-output>
        </test-method> <!-- setup -->
        <test-method signature="testLoginWithValidCredentials()[pri:0, instance:a_LoginFunctionality.ValidInputs@1d296da]" started-at="2023-10-16T22:39:58 IST" name="testLoginWithValidCredentials" finished-at="2023-10-16T22:40:03 IST" duration-ms="5255" status="PASS">
          <reporter-output>
          </reporter-output>
        </test-method> <!-- testLoginWithValidCredentials -->
        <test-method is-config="true" signature="teardown()[pri:0, instance:a_LoginFunctionality.ValidInputs@1d296da]" started-at="2023-10-16T22:40:03 IST" name="teardown" finished-at="2023-10-16T22:40:04 IST" duration-ms="185" status="PASS">
          <reporter-output>
          </reporter-output>
        </test-method> <!-- teardown -->
      </class> <!-- a_LoginFunctionality.ValidInputs -->
    </test> <!-- Default test -->
  </suite> <!-- Default suite -->
</testng-results>
